# JRE version: Java(TM) SE Runtime Environment (25.0+37) (build 25+37-LTS-3491)
# Java VM: Java HotSpot(TM) 64-Bit Server VM (25+37-LTS-3491, mixed mode, emulated-client, sharing, tiered, compressed oops, compressed class ptrs, g1 gc, windows-amd64)
GC Precious Log:
 CardTable entry size: 512
 Card Set container configuration: InlinePtr #cards 5 size 8 Array Of Cards #cards 10 size 36 Howl #buckets 4 coarsen threshold 1843 Howl Bitmap #cards 512 size 80 coarsen threshold 460 Card regions per heap region 1 cards per card region 2048
 CPUs: 2 total, 2 available
 Memory: 8086M
 Large Page Support: Disabled
 NUMA Support: Disabled
 Compressed Oops: Enabled (32-bit)
 Heap Region Size: 1M
 Heap Min Capacity: 8M
 Heap Initial Capacity: 128M
 Heap Max Capacity: 2022M
 Pre-touch: Disabled
 Parallel Workers: 2
 Concurrent Workers: 1
 Concurrent Refinement Workers: 2
 Periodic GC: Disabled
Heap:
 garbage-first heap   total reserved 2070528K, committed 96256K, used 37751K [0x0000000081a00000, 0x0000000100000000)
  region size 1024K, 10 young (10240K), 7 survivors (7168K)
GC Heap Usage History (20 events):
Event: 86126.865 {heap Before GC invocations=255 (full 0):
 garbage-first heap   total reserved 2070528K, committed 116736K, used 102203K [0x0000000081a00000, 0x0000000100000000)
  region size 1024K, 68 young (69632K), 1 survivors (1024K)
}
Event: 86126.868 {heap After GC invocations=256 (full 0):
 garbage-first heap   total reserved 2070528K, committed 116736K, used 33533K [0x0000000081a00000, 0x0000000100000000)
  region size 1024K, 1 young (1024K), 1 survivors (1024K)
}
Event: 86672.720 {heap Before GC invocations=256 (full 0):
 garbage-first heap   total reserved 2070528K, committed 116736K, used 102141K [0x0000000081a00000, 0x0000000100000000)
  region size 1024K, 68 young (69632K), 1 survivors (1024K)
}
Event: 86672.725 {heap After GC invocations=257 (full 0):
 garbage-first heap   total reserved 2070528K, committed 116736K, used 33611K [0x0000000081a00000, 0x0000000100000000)
  region size 1024K, 1 young (1024K), 1 survivors (1024K)
}
Event: 87211.608 {heap Before GC invocations=257 (full 0):
 garbage-first heap   total reserved 2070528K, committed 116736K, used 102219K [0x0000000081a00000, 0x0000000100000000)
  region size 1024K, 68 young (69632K), 1 survivors (1024K)
}
Event: 87211.612 {heap After GC invocations=258 (full 0):
 garbage-first heap   total reserved 2070528K, committed 116736K, used 33662K [0x0000000081a00000, 0x0000000100000000)
  region size 1024K, 1 young (1024K), 1 survivors (1024K)
}
Event: 87759.201 {heap Before GC invocations=259 (full 0):
 garbage-first heap   total reserved 2070528K, committed 116736K, used 102270K [0x0000000081a00000, 0x0000000100000000)
  region size 1024K, 68 young (69632K), 1 survivors (1024K)
}
Event: 87759.203 {heap After GC invocations=260 (full 0):
 garbage-first heap   total reserved 2070528K, committed 116736K, used 33542K [0x0000000081a00000, 0x0000000100000000)
  region size 1024K, 1 young (1024K), 1 survivors (1024K)
}
Event: 88305.083 {heap Before GC invocations=260 (full 0):
 garbage-first heap   total reserved 2070528K, committed 116736K, used 102150K [0x0000000081a00000, 0x0000000100000000)
  region size 1024K, 68 young (69632K), 1 survivors (1024K)
}
Event: 88305.088 {heap After GC invocations=261 (full 0):
 garbage-first heap   total reserved 2070528K, committed 116736K, used 33514K [0x0000000081a00000, 0x0000000100000000)
  region size 1024K, 1 young (1024K), 1 survivors (1024K)
}
Event: 88613.041 {heap Before GC invocations=261 (full 0):
 garbage-first heap   total reserved 2070528K, committed 116736K, used 70378K [0x0000000081a00000, 0x0000000100000000)
  region size 1024K, 38 young (38912K), 1 survivors (1024K)
}
Event: 88613.045 {heap After GC invocations=262 (full 0):
 garbage-first heap   total reserved 2070528K, committed 116736K, used 33710K [0x0000000081a00000, 0x0000000100000000)
  region size 1024K, 1 young (1024K), 1 survivors (1024K)
}
Event: 88616.757 {heap Before GC invocations=263 (full 0):
 garbage-first heap   total reserved 2070528K, committed 221184K, used 219054K [0x0000000081a00000, 0x0000000100000000)
  region size 1024K, 5 young (5120K), 1 survivors (1024K)
}
Event: 88616.764 {heap After GC invocations=264 (full 0):
 garbage-first heap   total reserved 2070528K, committed 222208K, used 33731K [0x0000000081a00000, 0x0000000100000000)
  region size 1024K, 1 young (1024K), 1 survivors (1024K)
}
Event: 88743.713 {heap Before GC invocations=264 (full 0):
 garbage-first heap   total reserved 2070528K, committed 240640K, used 238531K [0x0000000081a00000, 0x0000000100000000)
  region size 1024K, 24 young (24576K), 1 survivors (1024K)
}
Event: 88743.724 {heap After GC invocations=265 (full 0):
 garbage-first heap   total reserved 2070528K, committed 242688K, used 33728K [0x0000000081a00000, 0x0000000100000000)
  region size 1024K, 1 young (1024K), 1 survivors (1024K)
}
Event: 89196.305 {heap Before GC invocations=265 (full 0):
 garbage-first heap   total reserved 2070528K, committed 242688K, used 92096K [0x0000000081a00000, 0x0000000100000000)
  region size 1024K, 59 young (60416K), 1 survivors (1024K)
}
Event: 89196.589 {heap After GC invocations=266 (full 1):
 garbage-first heap   total reserved 2070528K, committed 96256K, used 27787K [0x0000000081a00000, 0x0000000100000000)
  region size 1024K, 0 young (0K), 0 survivors (0K)
}
Event: 89201.607 {heap Before GC invocations=266 (full 1):
 garbage-first heap   total reserved 2070528K, committed 96256K, used 84107K [0x0000000081a00000, 0x0000000100000000)
  region size 1024K, 56 young (57344K), 0 survivors (0K)
}
Event: 89201.634 {heap After GC invocations=267 (full 1):
 garbage-first heap   total reserved 2070528K, committed 96256K, used 35703K [0x0000000081a00000, 0x0000000100000000)
  region size 1024K, 7 young (7168K), 7 survivors (7168K)
}

