# JRE version: Java(TM) SE Runtime Environment (25.0+37) (build 25+37-LTS-3491)
# Java VM: Java HotSpot(TM) 64-Bit Server VM (25+37-LTS-3491, mixed mode, emulated-client, sharing, tiered, compressed oops, compressed class ptrs, g1 gc, windows-amd64)
GC Precious Log:
 CardTable entry size: 512
 Card Set container configuration: InlinePtr #cards 5 size 8 Array Of Cards #cards 10 size 36 Howl #buckets 4 coarsen threshold 1843 Howl Bitmap #cards 512 size 80 coarsen threshold 460 Card regions per heap region 1 cards per card region 2048
 CPUs: 2 total, 2 available
 Memory: 8086M
 Large Page Support: Disabled
 NUMA Support: Disabled
 Compressed Oops: Enabled (32-bit)
 Heap Region Size: 1M
 Heap Min Capacity: 8M
 Heap Initial Capacity: 128M
 Heap Max Capacity: 2022M
 Pre-touch: Disabled
 Parallel Workers: 2
 Concurrent Workers: 1
 Concurrent Refinement Workers: 2
 Periodic GC: Disabled
Heap:
 garbage-first heap   total reserved 2070528K, committed 96256K, used 40750K [0x0000000081a00000, 0x0000000100000000)
  region size 1024K, 11 young (11264K), 6 survivors (6144K)
GC Heap Usage History (20 events):
Event: 9340.728 {heap Before GC invocations=60 (full 0):
 garbage-first heap   total reserved 2070528K, committed 91136K, used 85462K [0x0000000081a00000, 0x0000000100000000)
  region size 1024K, 50 young (51200K), 1 survivors (1024K)
}
Event: 9340.734 {heap After GC invocations=61 (full 0):
 garbage-first heap   total reserved 2070528K, committed 91136K, used 34831K [0x0000000081a00000, 0x0000000100000000)
  region size 1024K, 1 young (1024K), 1 survivors (1024K)
}
Event: 9742.267 {heap Before GC invocations=61 (full 0):
 garbage-first heap   total reserved 2070528K, committed 91136K, used 85007K [0x0000000081a00000, 0x0000000100000000)
  region size 1024K, 50 young (51200K), 1 survivors (1024K)
}
Event: 9742.270 {heap After GC invocations=62 (full 0):
 garbage-first heap   total reserved 2070528K, committed 91136K, used 34948K [0x0000000081a00000, 0x0000000100000000)
  region size 1024K, 1 young (1024K), 1 survivors (1024K)
}
Event: 10149.905 {heap Before GC invocations=63 (full 0):
 garbage-first heap   total reserved 2070528K, committed 91136K, used 85124K [0x0000000081a00000, 0x0000000100000000)
  region size 1024K, 50 young (51200K), 1 survivors (1024K)
}
Event: 10149.908 {heap After GC invocations=64 (full 0):
 garbage-first heap   total reserved 2070528K, committed 91136K, used 34957K [0x0000000081a00000, 0x0000000100000000)
  region size 1024K, 1 young (1024K), 1 survivors (1024K)
}
Event: 10378.121 {heap Before GC invocations=64 (full 0):
 garbage-first heap   total reserved 2070528K, committed 91136K, used 64653K [0x0000000081a00000, 0x0000000100000000)
  region size 1024K, 31 young (31744K), 1 survivors (1024K)
}
Event: 10378.323 {heap After GC invocations=65 (full 1):
 garbage-first heap   total reserved 2070528K, committed 91136K, used 30312K [0x0000000081a00000, 0x0000000100000000)
  region size 1024K, 0 young (0K), 0 survivors (0K)
}
Event: 10382.431 {heap Before GC invocations=65 (full 1):
 garbage-first heap   total reserved 2070528K, committed 91136K, used 83560K [0x0000000081a00000, 0x0000000100000000)
  region size 1024K, 53 young (54272K), 0 survivors (0K)
}
Event: 10382.453 {heap After GC invocations=66 (full 1):
 garbage-first heap   total reserved 2070528K, committed 94208K, used 37836K [0x0000000081a00000, 0x0000000100000000)
  region size 1024K, 7 young (7168K), 7 survivors (7168K)
}
Event: 10585.835 {heap Before GC invocations=67 (full 1):
 garbage-first heap   total reserved 2070528K, committed 94208K, used 83916K [0x0000000081a00000, 0x0000000100000000)
  region size 1024K, 52 young (53248K), 7 survivors (7168K)
}
Event: 10585.858 {heap After GC invocations=68 (full 1):
 garbage-first heap   total reserved 2070528K, committed 96256K, used 40247K [0x0000000081a00000, 0x0000000100000000)
  region size 1024K, 4 young (4096K), 4 survivors (4096K)
}
Event: 10954.927 {heap Before GC invocations=68 (full 1):
 garbage-first heap   total reserved 2070528K, committed 96256K, used 85303K [0x0000000081a00000, 0x0000000100000000)
  region size 1024K, 48 young (49152K), 4 survivors (4096K)
}
Event: 10954.936 {heap After GC invocations=69 (full 1):
 garbage-first heap   total reserved 2070528K, committed 96256K, used 39723K [0x0000000081a00000, 0x0000000100000000)
  region size 1024K, 3 young (3072K), 3 survivors (3072K)
}
Event: 11011.198 {heap Before GC invocations=69 (full 1):
 garbage-first heap   total reserved 2070528K, committed 96256K, used 45867K [0x0000000081a00000, 0x0000000100000000)
  region size 1024K, 11 young (11264K), 3 survivors (3072K)
}
Event: 11011.353 {heap After GC invocations=70 (full 2):
 garbage-first heap   total reserved 2070528K, committed 96256K, used 28651K [0x0000000081a00000, 0x0000000100000000)
  region size 1024K, 0 young (0K), 0 survivors (0K)
}
Event: 11085.188 {heap Before GC invocations=70 (full 2):
 garbage-first heap   total reserved 2070528K, committed 96256K, used 84971K [0x0000000081a00000, 0x0000000100000000)
  region size 1024K, 56 young (57344K), 0 survivors (0K)
}
Event: 11085.204 {heap After GC invocations=71 (full 2):
 garbage-first heap   total reserved 2070528K, committed 96256K, used 35301K [0x0000000081a00000, 0x0000000100000000)
  region size 1024K, 7 young (7168K), 7 survivors (7168K)
}
Event: 11111.373 {heap Before GC invocations=72 (full 2):
 garbage-first heap   total reserved 2070528K, committed 96256K, used 83429K [0x0000000081a00000, 0x0000000100000000)
  region size 1024K, 55 young (56320K), 7 survivors (7168K)
}
Event: 11111.394 {heap After GC invocations=73 (full 2):
 garbage-first heap   total reserved 2070528K, committed 96256K, used 36654K [0x0000000081a00000, 0x0000000100000000)
  region size 1024K, 6 young (6144K), 6 survivors (6144K)
}

