# JRE version: Java(TM) SE Runtime Environment (25.0+37) (build 25+37-LTS-3491)
# Java VM: Java HotSpot(TM) 64-Bit Server VM (25+37-LTS-3491, mixed mode, emulated-client, sharing, tiered, compressed oops, compressed class ptrs, g1 gc, windows-amd64)
GC Precious Log:
 CardTable entry size: 512
 Card Set container configuration: InlinePtr #cards 5 size 8 Array Of Cards #cards 10 size 36 Howl #buckets 4 coarsen threshold 1843 Howl Bitmap #cards 512 size 80 coarsen threshold 460 Card regions per heap region 1 cards per card region 2048
 CPUs: 2 total, 2 available
 Memory: 8086M
 Large Page Support: Disabled
 NUMA Support: Disabled
 Compressed Oops: Enabled (32-bit)
 Heap Region Size: 1M
 Heap Min Capacity: 8M
 Heap Initial Capacity: 128M
 Heap Max Capacity: 2022M
 Pre-touch: Disabled
 Parallel Workers: 2
 Concurrent Workers: 1
 Concurrent Refinement Workers: 2
 Periodic GC: Disabled
Heap:
 garbage-first heap   total reserved 2070528K, committed 106496K, used 92828K [0x0000000081a00000, 0x0000000100000000)
  region size 1024K, 52 young (53248K), 2 survivors (2048K)
GC Heap Usage History (20 events):
Event: 5947.732 {heap After GC invocations=70 (full 4):
 garbage-first heap   total reserved 2070528K, committed 106496K, used 36828K [0x0000000081a00000, 0x0000000100000000)
  region size 1024K, 2 young (2048K), 2 survivors (2048K)
}
Event: 6180.743 {heap Before GC invocations=71 (full 4):
 garbage-first heap   total reserved 2070528K, committed 106496K, used 98268K [0x0000000081a00000, 0x0000000100000000)
  region size 1024K, 62 young (63488K), 2 survivors (2048K)
}
Event: 6180.749 {heap After GC invocations=72 (full 4):
 garbage-first heap   total reserved 2070528K, committed 106496K, used 36747K [0x0000000081a00000, 0x0000000100000000)
  region size 1024K, 1 young (1024K), 1 survivors (1024K)
}
Event: 6418.905 {heap Before GC invocations=72 (full 4):
 garbage-first heap   total reserved 2070528K, committed 106496K, used 99211K [0x0000000081a00000, 0x0000000100000000)
  region size 1024K, 62 young (63488K), 1 survivors (1024K)
}
Event: 6418.910 {heap After GC invocations=73 (full 4):
 garbage-first heap   total reserved 2070528K, committed 106496K, used 35780K [0x0000000081a00000, 0x0000000100000000)
  region size 1024K, 1 young (1024K), 1 survivors (1024K)
}
Event: 6658.753 {heap Before GC invocations=73 (full 4):
 garbage-first heap   total reserved 2070528K, committed 106496K, used 98244K [0x0000000081a00000, 0x0000000100000000)
  region size 1024K, 62 young (63488K), 1 survivors (1024K)
}
Event: 6658.756 {heap After GC invocations=74 (full 4):
 garbage-first heap   total reserved 2070528K, committed 106496K, used 35750K [0x0000000081a00000, 0x0000000100000000)
  region size 1024K, 1 young (1024K), 1 survivors (1024K)
}
Event: 6825.074 {heap Before GC invocations=75 (full 4):
 garbage-first heap   total reserved 2070528K, committed 106496K, used 78758K [0x0000000081a00000, 0x0000000100000000)
  region size 1024K, 44 young (45056K), 1 survivors (1024K)
}
Event: 6825.271 {heap After GC invocations=76 (full 5):
 garbage-first heap   total reserved 2070528K, committed 106496K, used 31137K [0x0000000081a00000, 0x0000000100000000)
  region size 1024K, 0 young (0K), 0 survivors (0K)
}
Event: 6838.333 {heap Before GC invocations=76 (full 5):
 garbage-first heap   total reserved 2070528K, committed 106496K, used 93601K [0x0000000081a00000, 0x0000000100000000)
  region size 1024K, 62 young (63488K), 0 survivors (0K)
}
Event: 6838.355 {heap After GC invocations=77 (full 5):
 garbage-first heap   total reserved 2070528K, committed 106496K, used 39329K [0x0000000081a00000, 0x0000000100000000)
  region size 1024K, 8 young (8192K), 8 survivors (8192K)
}
Event: 6923.769 {heap Before GC invocations=78 (full 5):
 garbage-first heap   total reserved 2070528K, committed 106496K, used 86433K [0x0000000081a00000, 0x0000000100000000)
  region size 1024K, 55 young (56320K), 8 survivors (8192K)
}
Event: 6923.937 {heap After GC invocations=79 (full 6):
 garbage-first heap   total reserved 2070528K, committed 106496K, used 34906K [0x0000000081a00000, 0x0000000100000000)
  region size 1024K, 0 young (0K), 0 survivors (0K)
}
Event: 6928.231 {heap Before GC invocations=79 (full 6):
 garbage-first heap   total reserved 2070528K, committed 106496K, used 94298K [0x0000000081a00000, 0x0000000100000000)
  region size 1024K, 59 young (60416K), 0 survivors (0K)
}
Event: 6928.248 {heap After GC invocations=80 (full 6):
 garbage-first heap   total reserved 2070528K, committed 106496K, used 42074K [0x0000000081a00000, 0x0000000100000000)
  region size 1024K, 7 young (7168K), 7 survivors (7168K)
}
Event: 6938.017 {heap Before GC invocations=81 (full 6):
 garbage-first heap   total reserved 2070528K, committed 106496K, used 64602K [0x0000000081a00000, 0x0000000100000000)
  region size 1024K, 30 young (30720K), 7 survivors (7168K)
}
Event: 6938.146 {heap After GC invocations=82 (full 7):
 garbage-first heap   total reserved 2070528K, committed 106496K, used 34972K [0x0000000081a00000, 0x0000000100000000)
  region size 1024K, 0 young (0K), 0 survivors (0K)
}
Event: 6945.718 {heap Before GC invocations=82 (full 7):
 garbage-first heap   total reserved 2070528K, committed 106496K, used 92316K [0x0000000081a00000, 0x0000000100000000)
  region size 1024K, 57 young (58368K), 0 survivors (0K)
}
Event: 6945.735 {heap After GC invocations=83 (full 7):
 garbage-first heap   total reserved 2070528K, committed 106496K, used 41628K [0x0000000081a00000, 0x0000000100000000)
  region size 1024K, 7 young (7168K), 7 survivors (7168K)
}
Event: 7297.881 {heap Before GC invocations=84 (full 7):
 garbage-first heap   total reserved 2070528K, committed 106496K, used 92828K [0x0000000081a00000, 0x0000000100000000)
  region size 1024K, 57 young (58368K), 7 survivors (7168K)
}

