# JRE version: Java(TM) SE Runtime Environment (25.0+37) (build 25+37-LTS-3491)
# Java VM: Java HotSpot(TM) 64-Bit Server VM (25+37-LTS-3491, mixed mode, emulated-client, sharing, tiered, compressed oops, compressed class ptrs, g1 gc, windows-amd64)
GC Precious Log:
 CardTable entry size: 512
 Card Set container configuration: InlinePtr #cards 5 size 8 Array Of Cards #cards 10 size 36 Howl #buckets 4 coarsen threshold 1843 Howl Bitmap #cards 512 size 80 coarsen threshold 460 Card regions per heap region 1 cards per card region 2048
 CPUs: 2 total, 2 available
 Memory: 8086M
 Large Page Support: Disabled
 NUMA Support: Disabled
 Compressed Oops: Enabled (32-bit)
 Heap Region Size: 1M
 Heap Min Capacity: 8M
 Heap Initial Capacity: 128M
 Heap Max Capacity: 2022M
 Pre-touch: Disabled
 Parallel Workers: 2
 Concurrent Workers: 1
 Concurrent Refinement Workers: 2
 Periodic GC: Disabled
Heap:
 garbage-first heap   total reserved 2070528K, committed 86016K, used 75785K [0x0000000081a00000, 0x0000000100000000)
  region size 1024K, 43 young (44032K), 4 survivors (4096K)
GC Heap Usage History (20 events):
Event: 15912.230 {heap After GC invocations=87 (full 6):
 garbage-first heap   total reserved 2070528K, committed 86016K, used 25457K [0x0000000081a00000, 0x0000000100000000)
  region size 1024K, 0 young (0K), 0 survivors (0K)
}
Event: 15916.156 {heap Before GC invocations=87 (full 6):
 garbage-first heap   total reserved 2070528K, committed 86016K, used 75633K [0x0000000081a00000, 0x0000000100000000)
  region size 1024K, 50 young (51200K), 0 survivors (0K)
}
Event: 15916.177 {heap After GC invocations=88 (full 6):
 garbage-first heap   total reserved 2070528K, committed 86016K, used 32079K [0x0000000081a00000, 0x0000000100000000)
  region size 1024K, 7 young (7168K), 7 survivors (7168K)
}
Event: 15926.881 {heap Before GC invocations=89 (full 6):
 garbage-first heap   total reserved 2070528K, committed 86016K, used 49487K [0x0000000081a00000, 0x0000000100000000)
  region size 1024K, 25 young (25600K), 7 survivors (7168K)
}
Event: 15926.977 {heap After GC invocations=90 (full 7):
 garbage-first heap   total reserved 2070528K, committed 86016K, used 29003K [0x0000000081a00000, 0x0000000100000000)
  region size 1024K, 0 young (0K), 0 survivors (0K)
}
Event: 15930.229 {heap Before GC invocations=90 (full 7):
 garbage-first heap   total reserved 2070528K, committed 86016K, used 77131K [0x0000000081a00000, 0x0000000100000000)
  region size 1024K, 48 young (49152K), 0 survivors (0K)
}
Event: 15930.243 {heap After GC invocations=91 (full 7):
 garbage-first heap   total reserved 2070528K, committed 86016K, used 34046K [0x0000000081a00000, 0x0000000100000000)
  region size 1024K, 5 young (5120K), 5 survivors (5120K)
}
Event: 16022.607 {heap Before GC invocations=92 (full 7):
 garbage-first heap   total reserved 2070528K, committed 86016K, used 54526K [0x0000000081a00000, 0x0000000100000000)
  region size 1024K, 26 young (26624K), 5 survivors (5120K)
}
Event: 16022.715 {heap After GC invocations=93 (full 8):
 garbage-first heap   total reserved 2070528K, committed 86016K, used 29213K [0x0000000081a00000, 0x0000000100000000)
  region size 1024K, 0 young (0K), 0 survivors (0K)
}
Event: 16024.978 {heap Before GC invocations=93 (full 8):
 garbage-first heap   total reserved 2070528K, committed 86016K, used 75293K [0x0000000081a00000, 0x0000000100000000)
  region size 1024K, 46 young (47104K), 0 survivors (0K)
}
Event: 16024.991 {heap After GC invocations=94 (full 8):
 garbage-first heap   total reserved 2070528K, committed 86016K, used 34243K [0x0000000081a00000, 0x0000000100000000)
  region size 1024K, 5 young (5120K), 5 survivors (5120K)
}
Event: 16130.887 {heap Before GC invocations=95 (full 8):
 garbage-first heap   total reserved 2070528K, committed 86016K, used 58819K [0x0000000081a00000, 0x0000000100000000)
  region size 1024K, 30 young (30720K), 5 survivors (5120K)
}
Event: 16130.998 {heap After GC invocations=96 (full 9):
 garbage-first heap   total reserved 2070528K, committed 86016K, used 29128K [0x0000000081a00000, 0x0000000100000000)
  region size 1024K, 0 young (0K), 0 survivors (0K)
}
Event: 16133.618 {heap Before GC invocations=96 (full 9):
 garbage-first heap   total reserved 2070528K, committed 86016K, used 73160K [0x0000000081a00000, 0x0000000100000000)
  region size 1024K, 44 young (45056K), 0 survivors (0K)
}
Event: 16133.632 {heap After GC invocations=97 (full 9):
 garbage-first heap   total reserved 2070528K, committed 86016K, used 34124K [0x0000000081a00000, 0x0000000100000000)
  region size 1024K, 5 young (5120K), 5 survivors (5120K)
}
Event: 16218.889 {heap Before GC invocations=98 (full 9):
 garbage-first heap   total reserved 2070528K, committed 86016K, used 74060K [0x0000000081a00000, 0x0000000100000000)
  region size 1024K, 44 young (45056K), 5 survivors (5120K)
}
Event: 16218.903 {heap After GC invocations=99 (full 9):
 garbage-first heap   total reserved 2070528K, committed 86016K, used 34646K [0x0000000081a00000, 0x0000000100000000)
  region size 1024K, 3 young (3072K), 3 survivors (3072K)
}
Event: 16299.721 {heap Before GC invocations=99 (full 9):
 garbage-first heap   total reserved 2070528K, committed 86016K, used 73558K [0x0000000081a00000, 0x0000000100000000)
  region size 1024K, 42 young (43008K), 3 survivors (3072K)
}
Event: 16299.734 {heap After GC invocations=100 (full 9):
 garbage-first heap   total reserved 2070528K, committed 86016K, used 35849K [0x0000000081a00000, 0x0000000100000000)
  region size 1024K, 4 young (4096K), 4 survivors (4096K)
}
Event: 16499.214 {heap Before GC invocations=100 (full 9):
 garbage-first heap   total reserved 2070528K, committed 86016K, used 74761K [0x0000000081a00000, 0x0000000100000000)
  region size 1024K, 43 young (44032K), 4 survivors (4096K)
}

