# JRE version: Java(TM) SE Runtime Environment (25.0+37) (build 25+37-LTS-3491)
# Java VM: Java HotSpot(TM) 64-Bit Server VM (25+37-LTS-3491, mixed mode, emulated-client, sharing, tiered, compressed oops, compressed class ptrs, g1 gc, windows-amd64)
GC Precious Log:
 CardTable entry size: 512
 Card Set container configuration: InlinePtr #cards 5 size 8 Array Of Cards #cards 10 size 36 Howl #buckets 4 coarsen threshold 1843 Howl Bitmap #cards 512 size 80 coarsen threshold 460 Card regions per heap region 1 cards per card region 2048
 CPUs: 2 total, 2 available
 Memory: 8086M
 Large Page Support: Disabled
 NUMA Support: Disabled
 Compressed Oops: Enabled (32-bit)
 Heap Region Size: 1M
 Heap Min Capacity: 8M
 Heap Initial Capacity: 128M
 Heap Max Capacity: 2022M
 Pre-touch: Disabled
 Parallel Workers: 2
 Concurrent Workers: 1
 Concurrent Refinement Workers: 2
 Periodic GC: Disabled
Heap:
 garbage-first heap   total reserved 2070528K, committed 109568K, used 102957K [0x0000000081a00000, 0x0000000100000000)
  region size 1024K, 62 young (63488K), 1 survivors (1024K)
GC Heap Usage History (20 events):
Event: 82621.042 {heap After GC invocations=737 (full 4):
 garbage-first heap   total reserved 2070528K, committed 109568K, used 40411K [0x0000000081a00000, 0x0000000100000000)
  region size 1024K, 1 young (1024K), 1 survivors (1024K)
}
Event: 82800.955 {heap Before GC invocations=738 (full 4):
 garbage-first heap   total reserved 2070528K, committed 109568K, used 102875K [0x0000000081a00000, 0x0000000100000000)
  region size 1024K, 62 young (63488K), 1 survivors (1024K)
}
Event: 82800.958 {heap After GC invocations=739 (full 4):
 garbage-first heap   total reserved 2070528K, committed 109568K, used 40438K [0x0000000081a00000, 0x0000000100000000)
  region size 1024K, 1 young (1024K), 1 survivors (1024K)
}
Event: 82981.588 {heap Before GC invocations=739 (full 4):
 garbage-first heap   total reserved 2070528K, committed 109568K, used 102902K [0x0000000081a00000, 0x0000000100000000)
  region size 1024K, 62 young (63488K), 1 survivors (1024K)
}
Event: 82981.591 {heap After GC invocations=740 (full 4):
 garbage-first heap   total reserved 2070528K, committed 109568K, used 40438K [0x0000000081a00000, 0x0000000100000000)
  region size 1024K, 1 young (1024K), 1 survivors (1024K)
}
Event: 83162.062 {heap Before GC invocations=741 (full 4):
 garbage-first heap   total reserved 2070528K, committed 109568K, used 102902K [0x0000000081a00000, 0x0000000100000000)
  region size 1024K, 62 young (63488K), 1 survivors (1024K)
}
Event: 83162.066 {heap After GC invocations=742 (full 4):
 garbage-first heap   total reserved 2070528K, committed 109568K, used 40467K [0x0000000081a00000, 0x0000000100000000)
  region size 1024K, 1 young (1024K), 1 survivors (1024K)
}
Event: 83356.210 {heap Before GC invocations=742 (full 4):
 garbage-first heap   total reserved 2070528K, committed 109568K, used 102931K [0x0000000081a00000, 0x0000000100000000)
  region size 1024K, 62 young (63488K), 1 survivors (1024K)
}
Event: 83356.214 {heap After GC invocations=743 (full 4):
 garbage-first heap   total reserved 2070528K, committed 109568K, used 40397K [0x0000000081a00000, 0x0000000100000000)
  region size 1024K, 1 young (1024K), 1 survivors (1024K)
}
Event: 83543.886 {heap Before GC invocations=744 (full 4):
 garbage-first heap   total reserved 2070528K, committed 109568K, used 102861K [0x0000000081a00000, 0x0000000100000000)
  region size 1024K, 62 young (63488K), 1 survivors (1024K)
}
Event: 83543.889 {heap After GC invocations=745 (full 4):
 garbage-first heap   total reserved 2070528K, committed 109568K, used 40443K [0x0000000081a00000, 0x0000000100000000)
  region size 1024K, 1 young (1024K), 1 survivors (1024K)
}
Event: 83726.337 {heap Before GC invocations=745 (full 4):
 garbage-first heap   total reserved 2070528K, committed 109568K, used 102907K [0x0000000081a00000, 0x0000000100000000)
  region size 1024K, 62 young (63488K), 1 survivors (1024K)
}
Event: 83726.340 {heap After GC invocations=746 (full 4):
 garbage-first heap   total reserved 2070528K, committed 109568K, used 40500K [0x0000000081a00000, 0x0000000100000000)
  region size 1024K, 1 young (1024K), 1 survivors (1024K)
}
Event: 83910.357 {heap Before GC invocations=747 (full 4):
 garbage-first heap   total reserved 2070528K, committed 109568K, used 102964K [0x0000000081a00000, 0x0000000100000000)
  region size 1024K, 62 young (63488K), 1 survivors (1024K)
}
Event: 83910.361 {heap After GC invocations=748 (full 4):
 garbage-first heap   total reserved 2070528K, committed 109568K, used 40422K [0x0000000081a00000, 0x0000000100000000)
  region size 1024K, 1 young (1024K), 1 survivors (1024K)
}
Event: 84093.628 {heap Before GC invocations=748 (full 4):
 garbage-first heap   total reserved 2070528K, committed 109568K, used 102886K [0x0000000081a00000, 0x0000000100000000)
  region size 1024K, 62 young (63488K), 1 survivors (1024K)
}
Event: 84093.631 {heap After GC invocations=749 (full 4):
 garbage-first heap   total reserved 2070528K, committed 109568K, used 40431K [0x0000000081a00000, 0x0000000100000000)
  region size 1024K, 1 young (1024K), 1 survivors (1024K)
}
Event: 84282.885 {heap Before GC invocations=750 (full 4):
 garbage-first heap   total reserved 2070528K, committed 109568K, used 102895K [0x0000000081a00000, 0x0000000100000000)
  region size 1024K, 62 young (63488K), 1 survivors (1024K)
}
Event: 84282.889 {heap After GC invocations=751 (full 4):
 garbage-first heap   total reserved 2070528K, committed 109568K, used 40493K [0x0000000081a00000, 0x0000000100000000)
  region size 1024K, 1 young (1024K), 1 survivors (1024K)
}
Event: 84473.278 {heap Before GC invocations=751 (full 4):
 garbage-first heap   total reserved 2070528K, committed 109568K, used 102957K [0x0000000081a00000, 0x0000000100000000)
  region size 1024K, 62 young (63488K), 1 survivors (1024K)
}

